This is XeTeX, Version 3.14159265-2.6-0.999992 (TeX Live 2020/W32TeX) (preloaded format=xelatex 2020.7.9)  13 JUL 2020 16:38
entering extended mode
 restricted \write18 enabled.
 %&-line parsing enabled.
**Homework2.tex
(./Homework2.tex
LaTeX2e <2020-02-02> patch level 5
L3 programming layer <2020-06-18> (c:/Users/PC/AppData/Roaming/TinyTeX/texmf-di
st/tex/latex/ctex/ctexart.cls
(c:/Users/PC/AppData/Roaming/TinyTeX/texmf-dist/tex/latex/ctex/config/ctexbacke
nd.cfg
File: ctexbackend.cfg 2020/06/06 v2.5.3 Backend configuration file (CTEX)
) (c:/Users/PC/AppData/Roaming/TinyTeX/texmf-dist/tex/latex/l3kernel/expl3.sty
Package: expl3 2020-06-18 L3 programming layer (loader) 

(c:/Users/PC/AppData/Roaming/TinyTeX/texmf-dist/tex/latex/l3backend/l3backend-x
dvipdfmx.def
File: l3backend-xdvipdfmx.def 2020-06-29 L3 backend support: xdvipdfmx
\g__graphics_track_int=\count163
\l__pdf_internal_box=\box45
\g__pdf_backend_object_int=\count164
\g__pdf_backend_annotation_int=\count165
))
Document Class: ctexart 2020/06/06 v2.5.3 Chinese adapter for class article (CT
EX)

(c:/Users/PC/AppData/Roaming/TinyTeX/texmf-dist/tex/latex/l3packages/xparse/xpa
rse.sty
Package: xparse 2020-05-15 L3 Experimental document command parser

(c:/Users/PC/AppData/Roaming/TinyTeX/texmf-dist/tex/latex/l3packages/xparse/xpa
rse-generic.tex
\l__xparse_current_arg_int=\count166
\g__xparse_grabber_int=\count167
\l__xparse_m_args_int=\count168
\l__xparse_v_nesting_int=\count169
))
(c:/Users/PC/AppData/Roaming/TinyTeX/texmf-dist/tex/latex/l3packages/l3keys2e/l
3keys2e.sty
Package: l3keys2e 2020-05-15 LaTeX2e option processing using LaTeX3 keys
) (c:/Users/PC/AppData/Roaming/TinyTeX/texmf-dist/tex/latex/ctex/ctexhook.sty
Package: ctexhook 2020/06/06 v2.5.3 Document and package hooks (CTEX)
) (c:/Users/PC/AppData/Roaming/TinyTeX/texmf-dist/tex/latex/ctex/ctexpatch.sty
Package: ctexpatch 2020/06/06 v2.5.3 Patching commands (CTEX)
) (c:/Users/PC/AppData/Roaming/TinyTeX/texmf-dist/tex/latex/base/fix-cm.sty
Package: fix-cm 2015/01/14 v1.1t fixes to LaTeX
(c:/Users/PC/AppData/Roaming/TinyTeX/texmf-dist/tex/latex/base/ts1enc.def
File: ts1enc.def 2001/06/05 v3.0e (jk/car/fm) Standard LaTeX file
LaTeX Font Info:    Redeclaring font encoding TS1 on input line 47.
)) (c:/Users/PC/AppData/Roaming/TinyTeX/texmf-dist/tex/latex/ms/everysel.sty
Package: everysel 2011/10/28 v1.2 EverySelectfont Package (MS)
)
\l__ctex_tmp_int=\count170
\l__ctex_tmp_box=\box46
\l__ctex_tmp_dim=\dimen134
\g__ctex_section_depth_int=\count171
\g__ctex_font_size_int=\count172

(c:/Users/PC/AppData/Roaming/TinyTeX/texmf-dist/tex/latex/ctex/config/ctexopts.
cfg
File: ctexopts.cfg 2020/06/06 v2.5.3 Option configuration file (CTEX)
)

Package ctex Warning: Option `hyperref' is deprecated.
(ctex)                `hyperref' package will be loaded.

(c:/Users/PC/AppData/Roaming/TinyTeX/texmf-dist/tex/latex/base/article.cls
Document Class: article 2019/12/20 v1.4l Standard LaTeX document class
(c:/Users/PC/AppData/Roaming/TinyTeX/texmf-dist/tex/latex/base/size10.clo
File: size10.clo 2019/12/20 v1.4l Standard LaTeX file (size option)
)
\c@part=\count173
\c@section=\count174
\c@subsection=\count175
\c@subsubsection=\count176
\c@paragraph=\count177
\c@subparagraph=\count178
\c@figure=\count179
\c@table=\count180
\abovecaptionskip=\skip47
\belowcaptionskip=\skip48
\bibindent=\dimen135
)
(c:/Users/PC/AppData/Roaming/TinyTeX/texmf-dist/tex/latex/ctex/engine/ctex-engi
ne-xetex.def
File: ctex-engine-xetex.def 2020/06/06 v2.5.3 XeLaTeX adapter (CTEX)
(c:/Users/PC/AppData/Roaming/TinyTeX/texmf-dist/tex/xelatex/xecjk/xeCJK.sty
Package: xeCJK 2020/06/06 v3.8.4 Typesetting CJK scripts with XeLaTeX

(c:/Users/PC/AppData/Roaming/TinyTeX/texmf-dist/tex/latex/l3packages/xtemplate/
xtemplate.sty
Package: xtemplate 2020-05-15 L3 Experimental prototype document functions
\l__xtemplate_tmp_dim=\dimen136
\l__xtemplate_tmp_int=\count181
\l__xtemplate_tmp_muskip=\muskip16
\l__xtemplate_tmp_skip=\skip49
)
\l__xeCJK_tmp_int=\count182
\l__xeCJK_tmp_box=\box47
\l__xeCJK_tmp_dim=\dimen137
\l__xeCJK_tmp_skip=\skip50
\g__xeCJK_space_factor_int=\count183
\l__xeCJK_begin_int=\count184
\l__xeCJK_end_int=\count185
\c__xeCJK_CJK_class_int=\XeTeXcharclass1
\c__xeCJK_FullLeft_class_int=\XeTeXcharclass2
\c__xeCJK_FullRight_class_int=\XeTeXcharclass3
\c__xeCJK_HalfLeft_class_int=\XeTeXcharclass4
\c__xeCJK_HalfRight_class_int=\XeTeXcharclass5
\c__xeCJK_NormalSpace_class_int=\XeTeXcharclass6
\c__xeCJK_CM_class_int=\XeTeXcharclass7
\c__xeCJK_HangulJamo_class_int=\XeTeXcharclass8
\l__xeCJK_last_skip=\skip51
\g__xeCJK_node_int=\count186
\c__xeCJK_CJK_node_dim=\dimen138
\c__xeCJK_CJK-space_node_dim=\dimen139
\c__xeCJK_default_node_dim=\dimen140
\c__xeCJK_default-space_node_dim=\dimen141
\c__xeCJK_CJK-widow_node_dim=\dimen142
\c__xeCJK_normalspace_node_dim=\dimen143
\l__xeCJK_ccglue_skip=\skip52
\l__xeCJK_ecglue_skip=\skip53
\l__xeCJK_punct_kern_skip=\skip54
\l__xeCJK_last_penalty_int=\count187
\l__xeCJK_last_bound_dim=\dimen144
\l__xeCJK_last_kern_dim=\dimen145
\l__xeCJK_widow_penalty_int=\count188

Package xtemplate Info: Declaring object type 'xeCJK/punctuation' taking 0
(xtemplate)             argument(s) on line 2329.

\l__xeCJK_fixed_punct_width_dim=\dimen146
\l__xeCJK_mixed_punct_width_dim=\dimen147
\l__xeCJK_middle_punct_width_dim=\dimen148
\l__xeCJK_fixed_margin_width_dim=\dimen149
\l__xeCJK_mixed_margin_width_dim=\dimen150
\l__xeCJK_middle_margin_width_dim=\dimen151
\l__xeCJK_bound_punct_width_dim=\dimen152
\l__xeCJK_bound_margin_width_dim=\dimen153
\l__xeCJK_margin_minimum_dim=\dimen154
\l__xeCJK_kerning_total_width_dim=\dimen155
\l__xeCJK_same_align_margin_dim=\dimen156
\l__xeCJK_different_align_margin_dim=\dimen157
\l__xeCJK_kerning_margin_width_dim=\dimen158
\l__xeCJK_kerning_margin_minimum_dim=\dimen159
\l__xeCJK_bound_dim=\dimen160
\l__xeCJK_reverse_bound_dim=\dimen161
\l__xeCJK_margin_dim=\dimen162
\l__xeCJK_minimum_bound_dim=\dimen163
\l__xeCJK_kerning_margin_dim=\dimen164
\g__xeCJK_family_int=\count189
\l__xeCJK_fam_int=\count190
\g__xeCJK_fam_allocation_int=\count191
\l__xeCJK_verb_case_int=\count192
\l__xeCJK_verb_exspace_skip=\skip55

(c:/Users/PC/AppData/Roaming/TinyTeX/texmf-dist/tex/latex/fontspec/fontspec.sty
Package: fontspec 2020/02/21 v2.7i Font selection for XeLaTeX and LuaLaTeX

(c:/Users/PC/AppData/Roaming/TinyTeX/texmf-dist/tex/latex/fontspec/fontspec-xet
ex.sty
Package: fontspec-xetex 2020/02/21 v2.7i Font selection for XeLaTeX and LuaLaTe
X
\l__fontspec_script_int=\count193
\l__fontspec_language_int=\count194
\l__fontspec_strnum_int=\count195
\l__fontspec_tmp_int=\count196
\l__fontspec_tmpa_int=\count197
\l__fontspec_tmpb_int=\count198
\l__fontspec_tmpc_int=\count199
\l__fontspec_em_int=\count266
\l__fontspec_emdef_int=\count267
\l__fontspec_strong_int=\count268
\l__fontspec_strongdef_int=\count269
\l__fontspec_tmpa_dim=\dimen165
\l__fontspec_tmpb_dim=\dimen166
\l__fontspec_tmpc_dim=\dimen167
(c:/Users/PC/AppData/Roaming/TinyTeX/texmf-dist/tex/latex/base/fontenc.sty
Package: fontenc 2020/02/11 v2.0o Standard LaTeX package
)
(c:/Users/PC/AppData/Roaming/TinyTeX/texmf-dist/tex/latex/fontspec/fontspec.cfg
))) (c:/Users/PC/AppData/Roaming/TinyTeX/texmf-dist/tex/xelatex/xecjk/xeCJK.cfg
File: xeCJK.cfg 2020/06/06 v3.8.4 Configuration file for xeCJK package
))
\ccwd=\dimen168
\l__ctex_ccglue_skip=\skip56
)
\l__ctex_ziju_dim=\dimen169

(c:/Users/PC/AppData/Roaming/TinyTeX/texmf-dist/tex/latex/zhnumber/zhnumber.sty
Package: zhnumber 2020/05/01 v2.8 Typesetting numbers with Chinese glyphs
\l__zhnum_scale_int=\count270

(c:/Users/PC/AppData/Roaming/TinyTeX/texmf-dist/tex/latex/zhnumber/zhnumber-utf
8.cfg
File: zhnumber-utf8.cfg 2020/05/01 v2.8 Chinese numerals with UTF8 encoding
))
\l__ctex_heading_skip=\skip57

(c:/Users/PC/AppData/Roaming/TinyTeX/texmf-dist/tex/latex/ctex/scheme/ctex-sche
me-chinese-article.def
File: ctex-scheme-chinese-article.def 2020/06/06 v2.5.3 Chinese scheme for arti
cle (CTEX)

(c:/Users/PC/AppData/Roaming/TinyTeX/texmf-dist/tex/latex/ctex/config/ctex-name
-utf8.cfg
File: ctex-name-utf8.cfg 2020/06/06 v2.5.3 Caption with encoding UTF-8 (CTEX)
)) (c:/Users/PC/AppData/Roaming/TinyTeX/texmf-dist/tex/latex/ctex/ctex-c5size.c
lo
File: ctex-c5size.clo 2020/06/06 v2.5.3 c5size option (CTEX)
)
(c:/Users/PC/AppData/Roaming/TinyTeX/texmf-dist/tex/latex/ctex/fontset/ctex-fon
tset-windows.def
File: ctex-fontset-windows.def 2020/06/06 v2.5.3 Windows fonts definition (CTEX
)

Package fontspec Info: Could not resolve font "KaiTi/B" (it probably doesn't
(fontspec)             exist).


Package fontspec Info: Could not resolve font "SimHei/I" (it probably doesn't
(fontspec)             exist).


Package fontspec Info: Could not resolve font "SimSun/BI" (it probably doesn't
(fontspec)             exist).


Package fontspec Info: Font family 'SimSun(0)' created for font 'SimSun' with
(fontspec)             options
(fontspec)             [Script={CJK},BoldFont={SimHei},ItalicFont={KaiTi}].
(fontspec)              
(fontspec)              This font family consists of the following NFSS
(fontspec)             series/shapes:
(fontspec)              
(fontspec)             - 'normal' (m/n) with NFSS spec.:
(fontspec)             <->"SimSun/OT:script=hani;language=dflt;"
(fontspec)             - 'small caps'  (m/sc) with NFSS spec.: 
(fontspec)             - 'bold' (b/n) with NFSS spec.:
(fontspec)             <->"SimHei/OT:script=hani;language=dflt;"
(fontspec)             - 'bold small caps'  (b/sc) with NFSS spec.: 
(fontspec)             - 'italic' (m/it) with NFSS spec.:
(fontspec)             <->"KaiTi/OT:script=hani;language=dflt;"
(fontspec)             - 'italic small caps'  (m/scit) with NFSS spec.: 

)) (c:/Users/PC/AppData/Roaming/TinyTeX/texmf-dist/tex/latex/ctex/config/ctex.c
fg
File: ctex.cfg 2020/06/06 v2.5.3 Configuration file (CTEX)
) (c:/Users/PC/AppData/Roaming/TinyTeX/texmf-dist/tex/latex/lm/lmodern.sty
Package: lmodern 2009/10/30 v1.6 Latin Modern Fonts
LaTeX Font Info:    Overwriting symbol font `operators' in version `normal'
(Font)                  OT1/cmr/m/n --> OT1/lmr/m/n on input line 22.
LaTeX Font Info:    Overwriting symbol font `letters' in version `normal'
(Font)                  OML/cmm/m/it --> OML/lmm/m/it on input line 23.
LaTeX Font Info:    Overwriting symbol font `symbols' in version `normal'
(Font)                  OMS/cmsy/m/n --> OMS/lmsy/m/n on input line 24.
LaTeX Font Info:    Overwriting symbol font `largesymbols' in version `normal'
(Font)                  OMX/cmex/m/n --> OMX/lmex/m/n on input line 25.
LaTeX Font Info:    Overwriting symbol font `operators' in version `bold'
(Font)                  OT1/cmr/bx/n --> OT1/lmr/bx/n on input line 26.
LaTeX Font Info:    Overwriting symbol font `letters' in version `bold'
(Font)                  OML/cmm/b/it --> OML/lmm/b/it on input line 27.
LaTeX Font Info:    Overwriting symbol font `symbols' in version `bold'
(Font)                  OMS/cmsy/b/n --> OMS/lmsy/b/n on input line 28.
LaTeX Font Info:    Overwriting symbol font `largesymbols' in version `bold'
(Font)                  OMX/cmex/m/n --> OMX/lmex/m/n on input line 29.
LaTeX Font Info:    Overwriting math alphabet `\mathbf' in version `normal'
(Font)                  OT1/cmr/bx/n --> OT1/lmr/bx/n on input line 31.
LaTeX Font Info:    Overwriting math alphabet `\mathsf' in version `normal'
(Font)                  OT1/cmss/m/n --> OT1/lmss/m/n on input line 32.
LaTeX Font Info:    Overwriting math alphabet `\mathit' in version `normal'
(Font)                  OT1/cmr/m/it --> OT1/lmr/m/it on input line 33.
LaTeX Font Info:    Overwriting math alphabet `\mathtt' in version `normal'
(Font)                  OT1/cmtt/m/n --> OT1/lmtt/m/n on input line 34.
LaTeX Font Info:    Overwriting math alphabet `\mathbf' in version `bold'
(Font)                  OT1/cmr/bx/n --> OT1/lmr/bx/n on input line 35.
LaTeX Font Info:    Overwriting math alphabet `\mathsf' in version `bold'
(Font)                  OT1/cmss/bx/n --> OT1/lmss/bx/n on input line 36.
LaTeX Font Info:    Overwriting math alphabet `\mathit' in version `bold'
(Font)                  OT1/cmr/bx/it --> OT1/lmr/bx/it on input line 37.
LaTeX Font Info:    Overwriting math alphabet `\mathtt' in version `bold'
(Font)                  OT1/cmtt/m/n --> OT1/lmtt/m/n on input line 38.
) (c:/Users/PC/AppData/Roaming/TinyTeX/texmf-dist/tex/latex/amsfonts/amssymb.st
y
Package: amssymb 2013/01/14 v3.01 AMS font symbols

(c:/Users/PC/AppData/Roaming/TinyTeX/texmf-dist/tex/latex/amsfonts/amsfonts.sty
Package: amsfonts 2013/01/14 v3.01 Basic AMSFonts support
\@emptytoks=\toks15
\symAMSa=\mathgroup4
\symAMSb=\mathgroup5
LaTeX Font Info:    Redeclaring math symbol \hbar on input line 98.
LaTeX Font Info:    Overwriting math alphabet `\mathfrak' in version `bold'
(Font)                  U/euf/m/n --> U/euf/b/n on input line 106.
)) (c:/Users/PC/AppData/Roaming/TinyTeX/texmf-dist/tex/latex/amsmath/amsmath.st
y
Package: amsmath 2020/01/20 v2.17e AMS math features
\@mathmargin=\skip58
For additional information on amsmath, use the `?' option.
(c:/Users/PC/AppData/Roaming/TinyTeX/texmf-dist/tex/latex/amsmath/amstext.sty
Package: amstext 2000/06/29 v2.01 AMS text
(c:/Users/PC/AppData/Roaming/TinyTeX/texmf-dist/tex/latex/amsmath/amsgen.sty
File: amsgen.sty 1999/11/30 v2.0 generic functions
\@emptytoks=\toks16
\ex@=\dimen170
)) (c:/Users/PC/AppData/Roaming/TinyTeX/texmf-dist/tex/latex/amsmath/amsbsy.sty
Package: amsbsy 1999/11/29 v1.2d Bold Symbols
\pmbraise@=\dimen171
) (c:/Users/PC/AppData/Roaming/TinyTeX/texmf-dist/tex/latex/amsmath/amsopn.sty
Package: amsopn 2016/03/08 v2.02 operator names
)
\inf@bad=\count271
LaTeX Info: Redefining \frac on input line 227.
\uproot@=\count272
\leftroot@=\count273
LaTeX Info: Redefining \overline on input line 389.
\classnum@=\count274
\DOTSCASE@=\count275
LaTeX Info: Redefining \ldots on input line 486.
LaTeX Info: Redefining \dots on input line 489.
LaTeX Info: Redefining \cdots on input line 610.
\Mathstrutbox@=\box48
\strutbox@=\box49
\big@size=\dimen172
LaTeX Font Info:    Redeclaring font encoding OML on input line 733.
LaTeX Font Info:    Redeclaring font encoding OMS on input line 734.
\macc@depth=\count276
\c@MaxMatrixCols=\count277
\dotsspace@=\muskip17
\c@parentequation=\count278
\dspbrk@lvl=\count279
\tag@help=\toks17
\row@=\count280
\column@=\count281
\maxfields@=\count282
\andhelp@=\toks18
\eqnshift@=\dimen173
\alignsep@=\dimen174
\tagshift@=\dimen175
\tagwidth@=\dimen176
\totwidth@=\dimen177
\lineht@=\dimen178
\@envbody=\toks19
\multlinegap=\skip59
\multlinetaggap=\skip60
\mathdisplay@stack=\toks20
LaTeX Info: Redefining \[ on input line 2859.
LaTeX Info: Redefining \] on input line 2860.
) (c:/Users/PC/AppData/Roaming/TinyTeX/texmf-dist/tex/generic/iftex/ifxetex.sty
Package: ifxetex 2019/10/25 v0.7 ifxetex legacy package. Use iftex instead.
(c:/Users/PC/AppData/Roaming/TinyTeX/texmf-dist/tex/generic/iftex/iftex.sty
Package: iftex 2020/03/06 v1.0d TeX engine tests
)) (c:/Users/PC/AppData/Roaming/TinyTeX/texmf-dist/tex/generic/iftex/ifluatex.s
ty
Package: ifluatex 2019/10/25 v1.5 ifluatex legacy package. Use iftex instead.
) (c:/Users/PC/AppData/Roaming/TinyTeX/texmf-dist/tex/latex/base/fixltx2e.sty
Package: fixltx2e 2016/12/29 v2.1a fixes to LaTeX (obsolete)
Applying: [2015/01/01] Old fixltx2e package on input line 46.

Package fixltx2e Warning: fixltx2e is not required with releases after 2015
(fixltx2e)                All fixes are now in the LaTeX kernel.
(fixltx2e)                See the latexrelease package for details.

Already applied: [0000/00/00] Old fixltx2e package on input line 53.
)
(c:/Users/PC/AppData/Roaming/TinyTeX/texmf-dist/tex/xelatex/xltxtra/xltxtra.sty
Package: xltxtra 2018/12/31 v0.7 Improvements for the "XeLaTeX" format

(c:/Users/PC/AppData/Roaming/TinyTeX/texmf-dist/tex/latex/realscripts/realscrip
ts.sty
Package: realscripts 2016/02/13 v0.3d Access OpenType subscripts and superscrip
ts
\subsupersep=\dimen179
)
(c:/Users/PC/AppData/Roaming/TinyTeX/texmf-dist/tex/latex/metalogo/metalogo.sty
Package: metalogo 2010/05/29 v0.12 Extended TeX logo macros

(c:/Users/PC/AppData/Roaming/TinyTeX/texmf-dist/tex/latex/graphics/graphicx.sty
Package: graphicx 2019/11/30 v1.2a Enhanced LaTeX Graphics (DPC,SPQR)
(c:/Users/PC/AppData/Roaming/TinyTeX/texmf-dist/tex/latex/graphics/keyval.sty
Package: keyval 2014/10/28 v1.15 key=value parser (DPC)
\KV@toks@=\toks21
)
(c:/Users/PC/AppData/Roaming/TinyTeX/texmf-dist/tex/latex/graphics/graphics.sty
Package: graphics 2019/11/30 v1.4a Standard LaTeX Graphics (DPC,SPQR)
(c:/Users/PC/AppData/Roaming/TinyTeX/texmf-dist/tex/latex/graphics/trig.sty
Package: trig 2016/01/03 v1.10 sin cos tan (DPC)
)
(c:/Users/PC/AppData/Roaming/TinyTeX/texmf-dist/tex/latex/graphics-cfg/graphics
.cfg
File: graphics.cfg 2016/06/04 v1.11 sample graphics configuration
)
Package graphics Info: Driver file: xetex.def on input line 105.

(c:/Users/PC/AppData/Roaming/TinyTeX/texmf-dist/tex/latex/graphics-def/xetex.de
f
File: xetex.def 2017/06/24 v5.0h Graphics/color driver for xetex
))
\Gin@req@height=\dimen180
\Gin@req@width=\dimen181
)
\xl@everylogo=\toks22
\xl@@everylogo=\toks23
LaTeX Info: Redefining \TeX on input line 193.
LaTeX Info: Redefining \LaTeX on input line 202.
LaTeX Info: Redefining \LaTeXe on input line 219.
)
\l__xetex_show_hyphens_wrapping_box=\box50
\l__xetex_show_hyphens_temp_box=\box51
\l__xetex_show_hyphens_final_box=\box52
\g__xetex_show_hyphens_word_box=\box53
)
(c:/Users/PC/AppData/Roaming/TinyTeX/texmf-dist/tex/xelatex/xunicode/xunicode.s
ty
File: xunicode.sty 2011/09/09 v0.981 provides access to latin accents and many 
other characters in Unicode lower plane
(c:/Users/PC/AppData/Roaming/TinyTeX/texmf-dist/tex/latex/tipa/t3enc.def
File: t3enc.def 2001/12/31 T3 encoding

Package fontspec Info: Could not resolve font "Microsoft YaHei Bold/I" (it
(fontspec)             probably doesn't exist).


Package fontspec Info: Could not resolve font "Microsoft YaHei/I" (it probably
(fontspec)             doesn't exist).


Package fontspec Info: Font family 'MicrosoftYaHei(0)' created for font
(fontspec)             'Microsoft YaHei' with options
(fontspec)             [Script={CJK},BoldFont={* Bold}].
(fontspec)              
(fontspec)              This font family consists of the following NFSS
(fontspec)             series/shapes:
(fontspec)              
(fontspec)             - 'normal' (m/n) with NFSS spec.: <->"Microsoft
(fontspec)             YaHei/OT:script=hani;language=dflt;"
(fontspec)             - 'small caps'  (m/sc) with NFSS spec.: 
(fontspec)             - 'bold' (b/n) with NFSS spec.: <->"Microsoft YaHei
(fontspec)             Bold/OT:script=hani;language=dflt;"
(fontspec)             - 'bold small caps'  (b/sc) with NFSS spec.: 
(fontspec)             - 'bold italic' (b/it) with NFSS spec.: <->"Microsoft
(fontspec)             YaHei/BI/OT:script=hani;language=dflt;"
(fontspec)             - 'bold italic small caps'  (b/scit) with NFSS spec.: 

)
\tipaTiiicode=\count283
\tipasavetokens=\toks24
\tipachecktokens=\toks25
) (c:/Users/PC/AppData/Roaming/TinyTeX/texmf-dist/tex/latex/upquote/upquote.sty
Package: upquote 2012/04/19 v1.3 upright-quote and grave-accent glyphs in verba
tim
(c:/Users/PC/AppData/Roaming/TinyTeX/texmf-dist/tex/latex/base/textcomp.sty
Package: textcomp 2020/02/02 v2.0n Standard LaTeX package
))
(c:/Users/PC/AppData/Roaming/TinyTeX/texmf-dist/tex/latex/hyperref/hyperref.sty
Package: hyperref 2020-05-15 v7.00e Hypertext links for LaTeX

(c:/Users/PC/AppData/Roaming/TinyTeX/texmf-dist/tex/generic/ltxcmds/ltxcmds.sty
Package: ltxcmds 2019/12/15 v1.24 LaTeX kernel commands for general use (HO)
)
(c:/Users/PC/AppData/Roaming/TinyTeX/texmf-dist/tex/latex/pdftexcmds/pdftexcmds
.sty
Package: pdftexcmds 2019/11/24 v0.31 Utility functions of pdfTeX for LuaTeX (HO
)

(c:/Users/PC/AppData/Roaming/TinyTeX/texmf-dist/tex/generic/infwarerr/infwarerr
.sty
Package: infwarerr 2019/12/03 v1.5 Providing info/warning/error messages (HO)
)
Package pdftexcmds Info: \pdf@primitive is available.
Package pdftexcmds Info: \pdf@ifprimitive is available.
Package pdftexcmds Info: \pdfdraftmode not found.
)
(c:/Users/PC/AppData/Roaming/TinyTeX/texmf-dist/tex/generic/kvsetkeys/kvsetkeys
.sty
Package: kvsetkeys 2019/12/15 v1.18 Key value parser (HO)
)
(c:/Users/PC/AppData/Roaming/TinyTeX/texmf-dist/tex/generic/kvdefinekeys/kvdefi
nekeys.sty
Package: kvdefinekeys 2019-12-19 v1.6 Define keys (HO)
)
(c:/Users/PC/AppData/Roaming/TinyTeX/texmf-dist/tex/generic/pdfescape/pdfescape
.sty
Package: pdfescape 2019/12/09 v1.15 Implements pdfTeX's escape features (HO)
) (c:/Users/PC/AppData/Roaming/TinyTeX/texmf-dist/tex/latex/hycolor/hycolor.sty
Package: hycolor 2020-01-27 v1.10 Color options for hyperref/bookmark (HO)
)
(c:/Users/PC/AppData/Roaming/TinyTeX/texmf-dist/tex/latex/letltxmacro/letltxmac
ro.sty
Package: letltxmacro 2019/12/03 v1.6 Let assignment for LaTeX macros (HO)
) (c:/Users/PC/AppData/Roaming/TinyTeX/texmf-dist/tex/latex/auxhook/auxhook.sty
Package: auxhook 2019-12-17 v1.6 Hooks for auxiliary files (HO)
)
(c:/Users/PC/AppData/Roaming/TinyTeX/texmf-dist/tex/latex/kvoptions/kvoptions.s
ty
Package: kvoptions 2019/11/29 v3.13 Key value format for package options (HO)
)
\@linkdim=\dimen182
\Hy@linkcounter=\count284
\Hy@pagecounter=\count285
(c:/Users/PC/AppData/Roaming/TinyTeX/texmf-dist/tex/latex/hyperref/pd1enc.def
File: pd1enc.def 2020-05-15 v7.00e Hyperref: PDFDocEncoding definition (HO)
)
(c:/Users/PC/AppData/Roaming/TinyTeX/texmf-dist/tex/generic/intcalc/intcalc.sty
Package: intcalc 2019/12/15 v1.3 Expandable calculations with integers (HO)
)
(c:/Users/PC/AppData/Roaming/TinyTeX/texmf-dist/tex/generic/etexcmds/etexcmds.s
ty
Package: etexcmds 2019/12/15 v1.7 Avoid name clashes with e-TeX commands (HO)
)
\Hy@SavedSpaceFactor=\count286
Package hyperref Info: Option `unicode' set `true' on input line 4338.
(c:/Users/PC/AppData/Roaming/TinyTeX/texmf-dist/tex/latex/hyperref/puenc.def
File: puenc.def 2020-05-15 v7.00e Hyperref: PDF Unicode definition (HO)
)
Package hyperref Info: Option `setpagesize' set `false' on input line 4338.
Package hyperref Info: Option `unicode' set `false' on input line 4338.
Package hyperref Info: Hyper figures OFF on input line 4464.
Package hyperref Info: Link nesting OFF on input line 4469.
Package hyperref Info: Hyper index ON on input line 4472.
Package hyperref Info: Plain pages OFF on input line 4479.
Package hyperref Info: Backreferencing OFF on input line 4484.
Package hyperref Info: Implicit mode ON; LaTeX internals redefined.
Package hyperref Info: Bookmarks ON on input line 4717.
\c@Hy@tempcnt=\count287
(c:/Users/PC/AppData/Roaming/TinyTeX/texmf-dist/tex/latex/url/url.sty
\Urlmuskip=\muskip18
Package: url 2013/09/16  ver 3.4  Verb mode for urls, etc.
)
LaTeX Info: Redefining \url on input line 5076.
\XeTeXLinkMargin=\dimen183
(c:/Users/PC/AppData/Roaming/TinyTeX/texmf-dist/tex/generic/bitset/bitset.sty
Package: bitset 2019/12/09 v1.3 Handle bit-vector datatype (HO)

(c:/Users/PC/AppData/Roaming/TinyTeX/texmf-dist/tex/generic/bigintcalc/bigintca
lc.sty
Package: bigintcalc 2019/12/15 v1.5 Expandable calculations on big integers (HO
)
))
\Fld@menulength=\count288
\Field@Width=\dimen184
\Fld@charsize=\dimen185
Package hyperref Info: Hyper figures OFF on input line 6347.
Package hyperref Info: Link nesting OFF on input line 6352.
Package hyperref Info: Hyper index ON on input line 6355.
Package hyperref Info: backreferencing OFF on input line 6362.
Package hyperref Info: Link coloring OFF on input line 6367.
Package hyperref Info: Link coloring with OCG OFF on input line 6372.
Package hyperref Info: PDF/A mode OFF on input line 6377.
LaTeX Info: Redefining \ref on input line 6417.
LaTeX Info: Redefining \pageref on input line 6421.

(c:/Users/PC/AppData/Roaming/TinyTeX/texmf-dist/tex/generic/atbegshi/atbegshi.s
ty
Package: atbegshi 2019/12/05 v1.19 At begin shipout hook (HO)
)
\Hy@abspage=\count289
\c@Item=\count290
\c@Hfootnote=\count291
)
Package hyperref Info: Driver: hxetex.
(c:/Users/PC/AppData/Roaming/TinyTeX/texmf-dist/tex/latex/hyperref/hxetex.def
File: hxetex.def 2020-05-15 v7.00e Hyperref driver for XeTeX

(c:/Users/PC/AppData/Roaming/TinyTeX/texmf-dist/tex/generic/stringenc/stringenc
.sty
Package: stringenc 2019/11/29 v1.12 Convert strings between diff. encodings (HO
)
)
\pdfm@box=\box54
\c@Hy@AnnotLevel=\count292
\HyField@AnnotCount=\count293
\Fld@listcount=\count294
\c@bookmark@seq@number=\count295

(c:/Users/PC/AppData/Roaming/TinyTeX/texmf-dist/tex/latex/rerunfilecheck/rerunf
ilecheck.sty
Package: rerunfilecheck 2019/12/05 v1.9 Rerun checks for auxiliary files (HO)

(c:/Users/PC/AppData/Roaming/TinyTeX/texmf-dist/tex/latex/atveryend/atveryend.s
ty
Package: atveryend 2019-12-11 v1.11 Hooks at the very end of document (HO)
Package atveryend Info: \enddocument detected (standard20110627).
)
(c:/Users/PC/AppData/Roaming/TinyTeX/texmf-dist/tex/generic/uniquecounter/uniqu
ecounter.sty
Package: uniquecounter 2019/12/15 v1.4 Provide unlimited unique counter (HO)
)
Package uniquecounter Info: New unique counter `rerunfilecheck' on input line 2
86.
)
\Hy@SectionHShift=\skip61
) (c:/Users/PC/AppData/Roaming/TinyTeX/texmf-dist/tex/latex/graphics/color.sty
Package: color 2019/11/23 v1.2a Standard LaTeX Color (DPC)

(c:/Users/PC/AppData/Roaming/TinyTeX/texmf-dist/tex/latex/graphics-cfg/color.cf
g
File: color.cfg 2016/01/02 v1.6 sample color configuration
)
Package color Info: Driver file: xetex.def on input line 147.

(c:/Users/PC/AppData/Roaming/TinyTeX/texmf-dist/tex/latex/graphics/dvipsnam.def
File: dvipsnam.def 2016/06/17 v3.0m Driver-dependent file (DPC,SPQR)
))
Package hyperref Info: Option `breaklinks' set `true' on input line 41.

Package hyperref Warning: Option `bookmarks' has already been used,
(hyperref)                setting the option has no effect on input line 41.


(c:/Users/PC/AppData/Roaming/TinyTeX/texmf-dist/tex/generic/stringenc/se-ascii-
print.def
File: se-ascii-print.def 2019/11/29 v1.12 stringenc: Printable ASCII characters

)
Package hyperref Info: Option `colorlinks' set `true' on input line 41.

(c:/Users/PC/AppData/Roaming/TinyTeX/texmf-dist/tex/latex/fancyvrb/fancyvrb.sty
Package: fancyvrb 2020/05/03 v3.6 verbatim text (tvz,hv)
\FV@CodeLineNo=\count296
\FV@InFile=\read2
\FV@TabBox=\box55
\c@FancyVerbLine=\count297
\FV@StepNumber=\count298
\FV@OutFile=\write3
) (c:/Users/PC/AppData/Roaming/TinyTeX/texmf-dist/tex/latex/framed/framed.sty
Package: framed 2011/10/22 v 0.96: framed or shaded text with page breaks
\OuterFrameSep=\skip62
\fb@frw=\dimen186
\fb@frh=\dimen187
\FrameRule=\dimen188
\FrameSep=\dimen189
) (c:/Users/PC/AppData/Roaming/TinyTeX/texmf-dist/tex/latex/grffile/grffile.sty
Package: grffile 2019/11/11 v2.1 Extended file name support for graphics (legac
y)
Package grffile Info: This package is an empty stub for compatibility on input 
line 40.
)
(c:/Users/PC/AppData/Roaming/TinyTeX/texmf-dist/tex/xelatex/xecjk/xunicode-addo
n.sty
Package: xunicode-addon 2020/06/06 v3.8.4 addon file for xunicode
\l__xunadd_tmp_coffin=\box56
\l__xunadd_circle_coffin=\box57
\l_xunadd_slot_int=\count299
)
(c:/Users/PC/AppData/Roaming/TinyTeX/texmf-dist/tex/xelatex/xunicode/xunicode.s
ty
File: xunicode.sty 2011/09/09 v0.981 provides access to latin accents and many 
other characters in Unicode lower plane
*** Reloading Xunicode for encoding 'TU' ***
)
(c:/Users/PC/AppData/Roaming/TinyTeX/texmf-dist/tex/xelatex/xecjk/xunicode-extr
a.def
File: xunicode-extra.def 2020/06/06 v3.8.4 extra definition for xunicode
) (./Homework2.aux)
\openout1 = `Homework2.aux'.

LaTeX Font Info:    Checking defaults for OML/cmm/m/it on input line 114.
LaTeX Font Info:    ... okay on input line 114.
LaTeX Font Info:    Checking defaults for OMS/cmsy/m/n on input line 114.
LaTeX Font Info:    ... okay on input line 114.
LaTeX Font Info:    Checking defaults for OT1/cmr/m/n on input line 114.
LaTeX Font Info:    ... okay on input line 114.
LaTeX Font Info:    Checking defaults for T1/cmr/m/n on input line 114.
LaTeX Font Info:    ... okay on input line 114.
LaTeX Font Info:    Checking defaults for TS1/cmr/m/n on input line 114.
LaTeX Font Info:    ... okay on input line 114.
LaTeX Font Info:    Checking defaults for TU/lmr/m/n on input line 114.
LaTeX Font Info:    ... okay on input line 114.
LaTeX Font Info:    Checking defaults for OMX/cmex/m/n on input line 114.
LaTeX Font Info:    ... okay on input line 114.
LaTeX Font Info:    Checking defaults for U/cmr/m/n on input line 114.
LaTeX Font Info:    ... okay on input line 114.
LaTeX Font Info:    Checking defaults for T3/cmr/m/n on input line 114.
LaTeX Font Info:    Trying to load font information for T3+cmr on input line 11
4.
(c:/Users/PC/AppData/Roaming/TinyTeX/texmf-dist/tex/latex/tipa/t3cmr.fd
File: t3cmr.fd 2001/12/31 TIPA font definitions
)
LaTeX Font Info:    ... okay on input line 114.
LaTeX Font Info:    Checking defaults for PD1/pdf/m/n on input line 114.
LaTeX Font Info:    ... okay on input line 114.
LaTeX Font Info:    Checking defaults for PU/pdf/m/n on input line 114.
LaTeX Font Info:    ... okay on input line 114.
ABD: EverySelectfont initializing macros
LaTeX Info: Redefining \selectfont on input line 114.
\AtBeginShipoutBox=\box58
Package hyperref Info: Link coloring ON on input line 114.
(c:/Users/PC/AppData/Roaming/TinyTeX/texmf-dist/tex/latex/hyperref/nameref.sty
Package: nameref 2019/09/16 v2.46 Cross-referencing by name of section

(c:/Users/PC/AppData/Roaming/TinyTeX/texmf-dist/tex/latex/refcount/refcount.sty
Package: refcount 2019/12/15 v3.6 Data extraction from label references (HO)
)
(c:/Users/PC/AppData/Roaming/TinyTeX/texmf-dist/tex/generic/gettitlestring/gett
itlestring.sty
Package: gettitlestring 2019/12/15 v1.6 Cleanup title references (HO)
)
\c@section@level=\count300
)
LaTeX Info: Redefining \ref on input line 114.
LaTeX Info: Redefining \pageref on input line 114.
LaTeX Info: Redefining \nameref on input line 114.
(./Homework2.out) (./Homework2.out)
\@outlinefile=\write4
\openout4 = `Homework2.out'.

LaTeX Font Info:    Trying to load font information for OT1+lmr on input line 1
16.
(c:/Users/PC/AppData/Roaming/TinyTeX/texmf-dist/tex/latex/lm/ot1lmr.fd
File: ot1lmr.fd 2009/10/30 v1.6 Font defs for Latin Modern
)
LaTeX Font Info:    Trying to load font information for OML+lmm on input line 1
16.
(c:/Users/PC/AppData/Roaming/TinyTeX/texmf-dist/tex/latex/lm/omllmm.fd
File: omllmm.fd 2009/10/30 v1.6 Font defs for Latin Modern
)
LaTeX Font Info:    Trying to load font information for OMS+lmsy on input line 
116.
(c:/Users/PC/AppData/Roaming/TinyTeX/texmf-dist/tex/latex/lm/omslmsy.fd
File: omslmsy.fd 2009/10/30 v1.6 Font defs for Latin Modern
)
LaTeX Font Info:    Trying to load font information for OMX+lmex on input line 
116.
(c:/Users/PC/AppData/Roaming/TinyTeX/texmf-dist/tex/latex/lm/omxlmex.fd
File: omxlmex.fd 2009/10/30 v1.6 Font defs for Latin Modern
)
LaTeX Font Info:    External font `lmex10' loaded for size
(Font)              <12.045> on input line 116.
LaTeX Font Info:    External font `lmex10' loaded for size
(Font)              <8> on input line 116.
LaTeX Font Info:    External font `lmex10' loaded for size
(Font)              <6> on input line 116.
LaTeX Font Info:    Trying to load font information for U+msa on input line 116
.
(c:/Users/PC/AppData/Roaming/TinyTeX/texmf-dist/tex/latex/amsfonts/umsa.fd
File: umsa.fd 2013/01/14 v3.01 AMS symbols A
)
LaTeX Font Info:    Trying to load font information for U+msb on input line 116
.
(c:/Users/PC/AppData/Roaming/TinyTeX/texmf-dist/tex/latex/amsfonts/umsb.fd
File: umsb.fd 2013/01/14 v3.01 AMS symbols B
)

Package fontspec Info: FangSong scale = 0.976420540271054.


Package fontspec Info: Could not resolve font "FangSong/BI" (it probably
(fontspec)             doesn't exist).


Package fontspec Info: Could not resolve font "FangSong/B" (it probably
(fontspec)             doesn't exist).


Package fontspec Info: Could not resolve font "FangSong/I" (it probably
(fontspec)             doesn't exist).


Package fontspec Info: FangSong scale = 0.976420540271054.


Package fontspec Info: Font family 'FangSong(0)' created for font 'FangSong'
(fontspec)             with options
(fontspec)             [Mapping=tex-text,Scale=MatchLowercase,Script={CJK}].
(fontspec)              
(fontspec)              This font family consists of the following NFSS
(fontspec)             series/shapes:
(fontspec)              
(fontspec)             - 'normal' (m/n) with NFSS spec.:
(fontspec)             <->s*[0.976420540271054]"FangSong/OT:script=hani;languag
e=dflt;mapping=tex-text;"
(fontspec)             - 'small caps'  (m/sc) with NFSS spec.: 

LaTeX Font Info:    Font shape `TU/FangSong(0)/m/n' will be
(Font)              scaled to size 10.2909pt on input line 138.
LaTeX Font Info:    Font shape `TU/lmtt/bx/n' in size <10.53937> not available
(Font)              Font shape `TU/lmtt/b/n' tried instead on input line 139.
[1

] [2]
Underfull \hbox (badness 10000) in paragraph at lines 272--273

 []


Overfull \hbox (58.92145pt too wide) in paragraph at lines 327--327
[]\TU/lmtt/m/n/10.53937 ##  $ GEO.id2                    : num  6e+09 6e+09 6e+
09 6e+09 6e+09 ...[] 
 []


Overfull \hbox (3.5898pt too wide) in paragraph at lines 327--327
[]\TU/lmtt/m/n/10.53937 ##  $ STATEFP                    : int  6 6 6 6 6 6 6 6
 6 6 ...[] 
 []


Overfull \hbox (3.5898pt too wide) in paragraph at lines 327--327
[]\TU/lmtt/m/n/10.53937 ##  $ COUNTYFP                   : int  1 1 1 1 1 1 1 1
 1 1 ...[] 
 []


Overfull \hbox (280.24812pt too wide) in paragraph at lines 327--327
[]\TU/lmtt/m/n/10.53937 ##  $ TRACTCE                    : int  400200 400300 4
00400 400500 400600 400700 400800 400900 401000 401100 ...[] 
 []


Overfull \hbox (169.58481pt too wide) in paragraph at lines 327--327
[]\TU/lmtt/m/n/10.53937 ##  $ POPULATION                 : int  1974 4865 3703 
3517 1571 4206 3594 2302 5678 4156 ...[] 
 []


Overfull \hbox (31.25558pt too wide) in paragraph at lines 327--327
[]\TU/lmtt/m/n/10.53937 ##  $ LATITUDE                   : num  37.8 37.8 37.8 
37.8 37.8 ...[] 
 []


Overfull \hbox (31.25557pt too wide) in paragraph at lines 327--327
[]\TU/lmtt/m/n/10.53937 ##  $ LONGITUDE                  : num  -122 -122 -122 
-122 -122 ...[] 
 []


Overfull \hbox (540.30711pt too wide) in paragraph at lines 327--327
[]\TU/lmtt/m/n/10.53937 ##  $ GEO.display.label          : Factor w/ 11275 leve
ls "Census Tract 1, Berks County, Pennsylvania",..: 5892 5898 5904 5911 5915 59
21 5924 5928 5936 5940 ...[] 
 []


Overfull \hbox (280.24808pt too wide) in paragraph at lines 327--327
[]\TU/lmtt/m/n/10.53937 ##  $ Median_house_value         : int  909600 748700 7
73600 579200 480800 460800 473500 439300 369800 467200 ...[] 
 []


Overfull \hbox (158.51846pt too wide) in paragraph at lines 327--327
[]\TU/lmtt/m/n/10.53937 ##  $ Total_units                : int  929 2655 1911 1
703 781 1977 1738 1202 2665 2182 ...[] 
 []


Overfull \hbox (86.58722pt too wide) in paragraph at lines 327--327
[]\TU/lmtt/m/n/10.53937 ##  $ Vacant_units               : int  37 134 68 71 65
 236 257 80 500 148 ...[] 
 []

[3]
Overfull \hbox (92.12042pt too wide) in paragraph at lines 327--327
[]\TU/lmtt/m/n/10.53937 ##  $ Median_rooms               : num  6 4.6 5 4.5 4.8
 4.3 4.3 4.4 4.6 3.5 ...[] 
 []


Overfull \hbox (158.5184pt too wide) in paragraph at lines 327--327
[]\TU/lmtt/m/n/10.53937 ##  $ Mean_household_size_owners : num  2.53 2.45 2.04 
2.66 2.58 2.72 2.17 2.7 2.75 2.3 ...[] 
 []


Overfull \hbox (169.58472pt too wide) in paragraph at lines 327--327
[]\TU/lmtt/m/n/10.53937 ##  $ Mean_household_size_renters: num  1.81 1.66 2.19 
1.72 2.18 2.15 1.93 1.92 2.08 1.96 ...[] 
 []


Overfull \hbox (31.25558pt too wide) in paragraph at lines 327--327
[]\TU/lmtt/m/n/10.53937 ##  $ Built_2005_or_later        : num  0 0 0 0 0 0 13.
1 0 0 0.4 ...[] 
 []


Overfull \hbox (92.12039pt too wide) in paragraph at lines 327--327
[]\TU/lmtt/m/n/10.53937 ##  $ Built_2000_to_2004         : num  1.2 0 0.2 0.2 0
 0.6 4.1 2.2 2.2 1.1 ...[] 
 []


Overfull \hbox (92.12042pt too wide) in paragraph at lines 327--327
[]\TU/lmtt/m/n/10.53937 ##  $ Built_1990s                : num  0 2.3 1.3 1.1 1
.2 1.8 1.6 0.6 0 1.7 ...[] 
 []


Overfull \hbox (103.18675pt too wide) in paragraph at lines 327--327
[]\TU/lmtt/m/n/10.53937 ##  $ Built_1980s                : num  1.3 3.2 0 1.9 1
.4 2.2 2.4 5.9 0.5 0.5 ...[] 
 []


Overfull \hbox (92.12042pt too wide) in paragraph at lines 327--327
[]\TU/lmtt/m/n/10.53937 ##  $ Built_1970s                : num  6.1 5.2 4.9 3.7
 1 3.3 7.8 0 4.3 4.1 ...[] 
 []


Overfull \hbox (119.78625pt too wide) in paragraph at lines 327--327
[]\TU/lmtt/m/n/10.53937 ##  $ Built_1960s                : num  6.5 8.3 4.3 5.8
 6.5 0.8 3.7 5.5 11.2 3.6 ...[] 
 []


Overfull \hbox (97.65361pt too wide) in paragraph at lines 327--327
[]\TU/lmtt/m/n/10.53937 ##  $ Built_1950s                : num  1 5.3 8 6 19.7 
9.4 7.5 9.1 11.3 13.4 ...[] 
 []


Overfull \hbox (136.38577pt too wide) in paragraph at lines 327--327
[]\TU/lmtt/m/n/10.53937 ##  $ Built_1940s                : num  10.8 7.8 10.4 7
.5 17 9.7 13.3 14.7 8.5 11.8 ...[] 
 []


Overfull \hbox (147.45207pt too wide) in paragraph at lines 327--327
[]\TU/lmtt/m/n/10.53937 ##  $ Built_1939_or_earlier      : num  73.2 68 71.1 73
.8 53.1 72.4 46.5 62 62.1 63.3 ...[] 
 []


Overfull \hbox (108.71992pt too wide) in paragraph at lines 327--327
[]\TU/lmtt/m/n/10.53937 ##  $ Bedrooms_0                 : num  3 11.5 5.2 4.9 
3.5 8.2 8.9 14.2 6.1 11 ...[] 
 []


Overfull \hbox (147.45212pt too wide) in paragraph at lines 327--327
[]\TU/lmtt/m/n/10.53937 ##  $ Bedrooms_1                 : num  16.4 28.4 27.7 
30.2 20.4 22.3 25 20.1 29.3 44 ...[] 
 []


Overfull \hbox (169.58481pt too wide) in paragraph at lines 327--327
[]\TU/lmtt/m/n/10.53937 ##  $ Bedrooms_2                 : num  27.4 29.2 33.7 
38.1 40.1 43.2 37.5 39.4 35.4 24.4 ...[] 
 []


Overfull \hbox (158.51846pt too wide) in paragraph at lines 327--327
[]\TU/lmtt/m/n/10.53937 ##  $ Bedrooms_3                 : num  34.4 20.4 21.9 
19.3 30.7 16.7 25 18.3 25.3 16.1 ...[] 
 []


Overfull \hbox (119.78625pt too wide) in paragraph at lines 327--327
[]\TU/lmtt/m/n/10.53937 ##  $ Bedrooms_4                 : num  17.5 7.9 7.3 5.
4 4.6 6.5 2.1 5.5 3.9 3.7 ...[] 
 []


Overfull \hbox (103.18672pt too wide) in paragraph at lines 327--327
[]\TU/lmtt/m/n/10.53937 ##  $ Bedrooms_5_or_more         : num  1.2 2.7 4.2 2.1
 0.8 3.1 1.4 2.5 0 0.8 ...[] 
 []


Overfull \hbox (136.38579pt too wide) in paragraph at lines 327--327
[]\TU/lmtt/m/n/10.53937 ##  $ Owners                     : num  66 45.1 45 43.6
 51 32.2 28.3 31.7 35.1 16.8 ...[] 
 []


Overfull \hbox (136.38579pt too wide) in paragraph at lines 327--327
[]\TU/lmtt/m/n/10.53937 ##  $ Renters                    : num  34 54.9 55 56.4
 49 67.8 71.7 68.3 64.9 83.2 ...[] 
 []


Overfull \hbox (230.44965pt too wide) in paragraph at lines 327--327
[]\TU/lmtt/m/n/10.53937 ##  $ Median_household_income    : int  111667 66094 87
306 62386 55658 38646 52837 59091 40402 44140 ...[] 
 []


Overfull \hbox (241.51596pt too wide) in paragraph at lines 327--327
[]\TU/lmtt/m/n/10.53937 ##  $ Mean_household_income      : int  195229 105877 1
06248 74604 73933 56705 66822 59690 50056 56674 ...[] 
 []


Overfull \hbox (119.7862pt too wide) in paragraph at lines 327--327
[]\TU/lmtt/m/n/10.53937 ##  - attr(*, "na.action")= 'omit' Named int  1 25 41 4
3 114 132 135 145 154 155 ...[] 
 []

File: Homework2_files/figure-latex/unnamed-chunk-6-1.pdf Graphic file (type pdf
)
<use Homework2_files/figure-latex/unnamed-chunk-6-1.pdf>

Overfull \hbox (21.07573pt too wide) in paragraph at lines 336--337
[][] 
 []

[4]
File: Homework2_files/figure-latex/unnamed-chunk-7-1.pdf Graphic file (type pdf
)
<use Homework2_files/figure-latex/unnamed-chunk-7-1.pdf>

Overfull \hbox (21.07573pt too wide) in paragraph at lines 356--357
[][] 
 []

[5]
Underfull \hbox (badness 10000) in paragraph at lines 363--368

 []

[6]
File: Homework2_files/figure-latex/unnamed-chunk-9-1.pdf Graphic file (type pdf
)
<use Homework2_files/figure-latex/unnamed-chunk-9-1.pdf>

Overfull \hbox (21.07573pt too wide) in paragraph at lines 407--408
[][] 
 []


Overfull \hbox (58.92134pt too wide) in paragraph at lines 430--430
[]\TU/lmtt/m/n/10.53937 ## `geom_smooth()` using method = 'gam' and formula 'y 
~ s(x, bs = "cs")'[] 
 []

File: Homework2_files/figure-latex/unnamed-chunk-10-1.pdf Graphic file (type pd
f)
<use Homework2_files/figure-latex/unnamed-chunk-10-1.pdf>

Overfull \hbox (21.07573pt too wide) in paragraph at lines 432--435
[][]
 []

[7] [8] [9]
File: Homework2_files/figure-latex/unnamed-chunk-14-1.pdf Graphic file (type pd
f)
<use Homework2_files/figure-latex/unnamed-chunk-14-1.pdf>

Overfull \hbox (21.07573pt too wide) in paragraph at lines 593--594
[][] 
 []

[10]
File: Homework2_files/figure-latex/unnamed-chunk-14-2.pdf Graphic file (type pd
f)
<use Homework2_files/figure-latex/unnamed-chunk-14-2.pdf>

Overfull \hbox (21.07573pt too wide) in paragraph at lines 606--607
[][] 
 []

[11] [12] [13]
File: Homework2_files/figure-latex/unnamed-chunk-18-1.pdf Graphic file (type pd
f)
<use Homework2_files/figure-latex/unnamed-chunk-18-1.pdf>

Overfull \hbox (21.07573pt too wide) in paragraph at lines 729--730
[][] 
 []

[14]
Package atveryend Info: Empty hook `BeforeClearDocument' on input line 790.
[15]
Package atveryend Info: Empty hook `AfterLastShipout' on input line 790.
(./Homework2.aux)
Package atveryend Info: Empty hook `AtVeryEndDocument' on input line 790.
Package atveryend Info: Executing hook `AtEndAfterFileList' on input line 790.
Package rerunfilecheck Info: File `Homework2.out' has not changed.
(rerunfilecheck)             Checksum: D41D8CD98F00B204E9800998ECF8427E;0.
Package atveryend Info: Empty hook `AtVeryVeryEnd' on input line 790.
 ) 
Here is how much of TeX's memory you used:
 21126 strings out of 481269
 418878 string characters out of 5923492
 673257 words of memory out of 5000000
 38319 multiletter control sequences out of 15000+600000
 545230 words of font info for 75 fonts, out of 8000000 for 9000
 14 hyphenation exceptions out of 8191
 57i,6n,119p,382b,861s stack positions out of 5000i,500n,10000p,200000b,80000s

Output written on Homework2.pdf (15 pages).
